TN:
SF:src/components/ai-studio/ExportPanel.tsx
FN:14,ExportPanel
FN:23,handleExportH5P
FN:39,handleExportSCORM
FN:51,getSummaryText
FN:103,onClick
FN:157,onClick
FN:182,onClick
FNF:7
FNH:5
FNDA:11,ExportPanel
FNDA:2,handleExportH5P
FNDA:1,handleExportSCORM
FNDA:10,getSummaryText
FNDA:1,onClick
FNDA:0,onClick
FNDA:0,onClick
DA:1,1
DA:2,1
DA:3,1
DA:4,1
DA:5,1
DA:6,1
DA:7,1
DA:8,1
DA:9,1
DA:10,1
DA:11,1
DA:12,1
DA:13,1
DA:14,1
DA:15,11
DA:16,11
DA:17,11
DA:18,11
DA:19,11
DA:20,11
DA:21,11
DA:22,11
DA:23,11
DA:24,2
DA:25,2
DA:26,2
DA:27,2
DA:28,2
DA:29,2
DA:30,1
DA:31,1
DA:32,2
DA:33,0
DA:34,2
DA:35,2
DA:36,2
DA:37,2
DA:38,11
DA:39,11
DA:40,1
DA:41,1
DA:42,1
DA:43,1
DA:44,1
DA:45,0
DA:46,1
DA:47,1
DA:48,1
DA:49,1
DA:50,11
DA:51,11
DA:52,10
DA:53,10
DA:54,10
DA:55,10
DA:56,10
DA:57,10
DA:58,11
DA:59,11
DA:60,11
DA:61,11
DA:62,11
DA:63,11
DA:64,11
DA:65,11
DA:66,11
DA:67,11
DA:68,11
DA:69,11
DA:70,11
DA:71,11
DA:72,11
DA:73,11
DA:74,11
DA:75,11
DA:76,11
DA:77,11
DA:78,11
DA:79,11
DA:80,11
DA:81,11
DA:82,11
DA:83,11
DA:84,11
DA:85,11
DA:86,11
DA:87,11
DA:88,11
DA:89,11
DA:90,11
DA:91,11
DA:92,11
DA:93,11
DA:94,11
DA:95,11
DA:96,11
DA:97,11
DA:98,11
DA:99,11
DA:100,11
DA:101,11
DA:102,11
DA:103,11
DA:104,11
DA:105,11
DA:106,11
DA:107,11
DA:108,11
DA:109,11
DA:110,2
DA:111,11
DA:112,11
DA:113,11
DA:114,11
DA:115,11
DA:116,11
DA:117,11
DA:118,11
DA:119,11
DA:120,11
DA:121,11
DA:122,11
DA:123,11
DA:124,11
DA:125,11
DA:126,11
DA:127,11
DA:128,11
DA:129,11
DA:130,11
DA:131,11
DA:132,11
DA:133,11
DA:134,11
DA:135,11
DA:136,11
DA:137,11
DA:138,11
DA:139,11
DA:140,11
DA:141,11
DA:142,11
DA:143,11
DA:144,11
DA:145,11
DA:146,11
DA:147,11
DA:148,11
DA:149,11
DA:150,11
DA:151,11
DA:152,11
DA:153,11
DA:154,11
DA:155,11
DA:156,11
DA:157,11
DA:158,0
DA:159,0
DA:160,0
DA:161,0
DA:162,0
DA:163,0
DA:164,0
DA:165,0
DA:166,11
DA:167,11
DA:168,11
DA:169,11
DA:170,11
DA:171,11
DA:172,11
DA:173,11
DA:174,11
DA:175,11
DA:176,11
DA:177,11
DA:178,11
DA:179,11
DA:180,11
DA:181,11
DA:182,11
DA:183,11
DA:184,11
DA:185,11
DA:186,11
DA:187,1
DA:188,1
LF:188
LH:178
BRDA:14,0,0,11
BRDA:76,1,0,1
BRDA:76,2,0,2
BRDA:77,3,0,1
BRDA:77,4,0,2
BRDA:79,5,0,1
BRDA:79,6,0,2
BRDA:89,7,0,2
BRDA:89,8,0,8
BRDA:94,9,0,2
BRDA:94,10,0,8
BRDA:97,11,0,3
BRDA:102,12,0,1
BRDA:102,13,0,1
BRDA:134,14,0,1
BRDA:134,15,0,9
BRDA:139,16,0,1
BRDA:139,17,0,9
BRDA:175,18,0,1
BRDA:23,19,0,2
BRDA:29,20,0,1
BRDA:32,21,0,0
BRDA:39,22,0,1
BRDA:44,23,0,0
BRDA:51,24,0,10
BRDA:53,25,0,0
BRDA:54,26,0,0
BRDA:103,27,0,1
BRDA:109,28,0,2
BRF:29
BRH:25
end_of_record
TN:
SF:src/components/ai-studio/PipelineProgress.tsx
FN:47,getStageIcon
FN:58,PipelineProgress
FN:92,PipelineProgress.eventHandlers
FN:130,onClick
FNF:4
FNH:2
FNDA:15,getStageIcon
FNDA:3,PipelineProgress
FNDA:0,PipelineProgress.eventHandlers
FNDA:0,onClick
DA:1,1
DA:2,1
DA:3,1
DA:4,1
DA:5,1
DA:6,1
DA:7,1
DA:8,1
DA:9,1
DA:10,1
DA:11,1
DA:12,1
DA:13,1
DA:14,1
DA:15,1
DA:16,1
DA:17,1
DA:18,1
DA:19,1
DA:20,1
DA:21,1
DA:22,1
DA:23,1
DA:24,1
DA:25,1
DA:26,1
DA:27,1
DA:28,1
DA:29,1
DA:30,1
DA:31,1
DA:32,1
DA:33,1
DA:34,1
DA:35,1
DA:36,1
DA:37,1
DA:38,1
DA:39,1
DA:40,1
DA:41,1
DA:42,1
DA:43,1
DA:44,1
DA:45,1
DA:46,1
DA:47,1
DA:48,15
DA:49,15
DA:50,15
DA:51,15
DA:52,15
DA:53,15
DA:54,15
DA:55,15
DA:56,15
DA:57,1
DA:58,1
DA:59,3
DA:60,3
DA:61,3
DA:62,3
DA:63,3
DA:64,3
DA:65,3
DA:66,3
DA:67,3
DA:68,3
DA:69,3
DA:70,3
DA:71,3
DA:72,3
DA:73,3
DA:74,3
DA:75,3
DA:76,3
DA:77,3
DA:78,3
DA:79,2
DA:80,0
DA:81,2
DA:82,2
DA:83,3
DA:84,3
DA:85,3
DA:86,3
DA:87,3
DA:88,3
DA:89,3
DA:90,3
DA:91,3
DA:92,3
DA:93,0
DA:94,0
DA:95,0
DA:96,3
DA:97,3
DA:98,3
DA:99,3
DA:100,3
DA:101,3
DA:102,15
DA:103,3
DA:104,3
DA:105,3
DA:106,3
DA:107,3
DA:108,3
DA:109,3
DA:110,3
DA:111,3
DA:112,3
DA:113,3
DA:114,3
DA:115,3
DA:116,3
DA:117,3
DA:118,3
DA:119,3
DA:120,3
DA:121,3
DA:122,3
DA:123,3
DA:124,3
DA:125,3
DA:126,3
DA:127,3
DA:128,3
DA:129,3
DA:130,3
DA:131,3
DA:132,3
DA:133,3
DA:134,3
DA:135,3
DA:136,3
DA:137,3
DA:138,3
DA:139,3
DA:140,3
DA:141,15
DA:142,15
DA:143,15
DA:144,15
DA:145,15
DA:146,15
DA:147,15
DA:148,15
DA:149,15
DA:150,15
DA:151,15
DA:152,15
DA:153,15
DA:154,15
DA:155,15
DA:156,15
DA:157,15
DA:158,15
DA:159,15
DA:160,15
DA:161,15
DA:162,15
DA:163,15
DA:164,15
DA:165,15
DA:166,15
DA:167,15
DA:168,15
DA:169,15
DA:170,15
DA:171,15
DA:172,15
DA:173,15
DA:174,15
DA:175,15
DA:176,15
DA:177,15
DA:178,15
DA:179,15
DA:180,15
DA:181,15
DA:182,15
DA:183,15
DA:184,15
DA:185,15
DA:186,15
DA:187,15
DA:188,15
DA:189,15
DA:190,15
DA:191,15
DA:192,15
DA:193,15
DA:194,15
DA:195,15
DA:196,15
DA:197,15
DA:198,15
DA:199,15
DA:200,15
DA:201,15
DA:202,3
DA:203,3
DA:204,3
DA:205,3
DA:206,1
DA:207,1
LF:207
LH:203
BRDA:47,0,0,15
BRDA:49,1,0,3
BRDA:50,2,0,3
BRDA:51,3,0,3
BRDA:52,4,0,3
BRDA:53,5,0,3
BRDA:54,6,0,0
BRDA:58,7,0,3
BRDA:86,8,0,0
BRDA:111,9,0,0
BRDA:111,10,0,1
BRDA:111,11,0,2
BRDA:76,12,0,3
BRDA:78,13,0,2
BRDA:78,14,0,2
BRDA:83,15,0,3
BRDA:101,16,0,15
BRDA:140,17,0,15
BRDA:158,18,0,1
BRDA:158,19,0,14
BRDA:158,20,0,0
BRDA:159,21,0,1
BRDA:159,22,0,14
BRDA:160,23,0,1
BRDA:160,24,0,14
BRDA:162,25,0,14
BRDA:162,26,0,1
BRDA:168,27,0,0
BRDA:168,28,0,1
BRDA:168,29,0,14
BRDA:168,30,0,0
BRDA:169,31,0,0
BRDA:169,32,0,1
BRDA:169,33,0,14
BRDA:169,34,0,0
BRDA:189,35,0,14
BRF:36
BRH:28
end_of_record
TN:
SF:src/hooks/useSSE.ts
FN:84,useSSE
FN:174,connect
FN:187,es.onopen
FN:194,es.onerror
FNF:4
FNH:4
FNDA:31,useSSE
FNDA:10,connect
FNDA:5,es.onopen
FNDA:4,es.onerror
DA:1,1
DA:2,1
DA:3,1
DA:4,1
DA:5,1
DA:6,1
DA:7,1
DA:8,1
DA:9,1
DA:10,1
DA:11,1
DA:12,1
DA:13,1
DA:14,1
DA:15,1
DA:16,1
DA:17,1
DA:18,1
DA:19,1
DA:20,1
DA:21,1
DA:22,1
DA:23,1
DA:24,1
DA:25,1
DA:26,1
DA:27,1
DA:28,1
DA:29,1
DA:30,1
DA:31,1
DA:32,1
DA:33,1
DA:34,1
DA:35,1
DA:36,1
DA:37,1
DA:38,1
DA:39,1
DA:40,1
DA:41,1
DA:42,1
DA:43,1
DA:44,1
DA:45,1
DA:46,1
DA:47,1
DA:48,1
DA:49,1
DA:50,1
DA:51,1
DA:52,1
DA:53,1
DA:54,1
DA:55,1
DA:56,1
DA:57,1
DA:58,1
DA:59,1
DA:60,1
DA:61,1
DA:62,1
DA:63,1
DA:64,1
DA:65,1
DA:66,1
DA:67,1
DA:68,1
DA:69,1
DA:70,1
DA:71,1
DA:72,1
DA:73,1
DA:74,1
DA:75,1
DA:76,1
DA:77,1
DA:78,1
DA:79,1
DA:80,1
DA:81,1
DA:82,1
DA:83,1
DA:84,1
DA:85,31
DA:86,31
DA:87,31
DA:88,31
DA:89,31
DA:90,31
DA:91,31
DA:92,31
DA:93,31
DA:94,31
DA:95,31
DA:96,31
DA:97,31
DA:98,31
DA:99,31
DA:100,31
DA:101,31
DA:102,31
DA:103,31
DA:104,31
DA:105,31
DA:106,31
DA:107,31
DA:108,31
DA:109,31
DA:110,31
DA:111,31
DA:112,31
DA:113,31
DA:114,31
DA:115,31
DA:116,31
DA:117,31
DA:118,31
DA:119,21
DA:120,2
DA:121,2
DA:122,2
DA:123,21
DA:124,5
DA:125,5
DA:126,5
DA:127,31
DA:128,31
DA:129,31
DA:130,31
DA:131,11
DA:132,11
DA:133,6
DA:134,6
DA:135,6
DA:136,11
DA:137,31
DA:138,31
DA:139,31
DA:140,31
DA:141,1
DA:142,1
DA:143,31
DA:144,31
DA:145,31
DA:146,31
DA:147,6
DA:148,6
DA:149,6
DA:150,1
DA:151,1
DA:152,6
DA:153,6
DA:154,0
DA:155,0
DA:156,0
DA:157,0
DA:158,0
DA:159,6
DA:160,31
DA:161,31
DA:162,31
DA:163,10
DA:164,10
DA:165,2
DA:166,2
DA:167,2
DA:168,2
DA:169,2
DA:170,8
DA:171,8
DA:172,10
DA:173,8
DA:174,8
DA:175,10
DA:176,10
DA:177,0
DA:178,0
DA:179,10
DA:180,10
DA:181,10
DA:182,10
DA:183,10
DA:184,10
DA:185,10
DA:186,10
DA:187,10
DA:188,5
DA:189,5
DA:190,5
DA:191,5
DA:192,5
DA:193,10
DA:194,10
DA:195,4
DA:196,4
DA:197,4
DA:198,4
DA:199,4
DA:200,4
DA:201,4
DA:202,4
DA:203,4
DA:204,2
DA:205,2
DA:206,2
DA:207,2
DA:208,2
DA:209,2
DA:210,2
DA:211,2
DA:212,2
DA:213,4
DA:214,10
DA:215,10
DA:216,10
DA:217,10
DA:218,1
DA:219,1
DA:220,1
DA:221,1
DA:222,1
DA:223,1
DA:224,0
DA:225,0
DA:226,0
DA:227,1
DA:228,1
DA:229,10
DA:230,8
DA:231,8
DA:232,8
DA:233,8
DA:234,8
DA:235,8
DA:236,8
DA:237,8
DA:238,8
DA:239,8
DA:240,31
DA:241,31
DA:242,31
DA:243,31
DA:244,31
LF:244
LH:234
BRDA:35,0,0,1
BRDA:84,1,0,31
BRDA:118,2,0,21
BRDA:119,3,0,2
BRDA:123,4,0,5
BRDA:130,5,0,11
BRDA:132,6,0,6
BRDA:140,7,0,1
BRDA:146,8,0,6
BRDA:147,9,0,0
BRDA:149,10,0,1
BRDA:162,11,0,10
BRDA:164,12,0,2
BRDA:169,13,0,8
BRDA:172,14,0,0
BRDA:172,15,0,8
BRDA:174,16,0,10
BRDA:176,17,0,0
BRDA:217,18,0,1
BRDA:187,19,0,5
BRDA:191,20,0,0
BRDA:194,21,0,4
BRDA:197,22,0,1
BRDA:203,23,0,2
BRDA:207,24,0,2
BRDA:218,25,0,1
BRDA:223,26,0,0
BRDA:236,27,0,8
BRF:28
BRH:23
end_of_record
TN:
SF:src/services/AIGatewayService.ts
FN:15,uploadDocument
FN:26,generateAssessment
FN:42,getPipelineStreamUrl
FNF:3
FNH:2
FNDA:1,uploadDocument
FNDA:0,generateAssessment
FNDA:4,getPipelineStreamUrl
DA:1,1
DA:2,1
DA:3,1
DA:4,1
DA:5,1
DA:6,1
DA:7,1
DA:8,1
DA:9,1
DA:10,1
DA:11,1
DA:12,1
DA:13,1
DA:14,1
DA:15,1
DA:16,1
DA:17,1
DA:18,1
DA:19,1
DA:20,1
DA:21,1
DA:22,1
DA:23,1
DA:24,1
DA:25,1
DA:26,1
DA:27,0
DA:28,0
DA:29,0
DA:30,0
DA:31,0
DA:32,0
DA:33,0
DA:34,0
DA:35,0
DA:36,0
DA:37,0
DA:38,0
DA:39,0
DA:40,0
DA:41,1
DA:42,1
DA:43,4
DA:44,4
DA:45,1
LF:45
LH:31
BRDA:15,0,0,1
BRDA:22,1,0,0
BRDA:42,2,0,4
BRF:3
BRH:2
end_of_record
TN:
SF:src/store/aiStudioStore.ts
FN:70,createInitialStages
FN:104,setStep
FN:106,setSelectedFile
FN:108,toggleOutputType
FN:114,setQuizConfig
FN:118,setGeneratedOutputs
FN:125,updateOutput
FN:133,startPipeline
FN:141,handleStageEvent
FN:159,handleProgressEvent
FN:170,handleCompleteEvent
FN:176,handleErrorEvent
FN:193,resetPipeline
FN:201,saveToHistory
FN:215,undo
FN:226,redo
FN:237,resetToOriginal
FNF:17
FNH:1
FNDA:2,createInitialStages
FNDA:0,setStep
FNDA:0,setSelectedFile
FNDA:0,toggleOutputType
FNDA:0,setQuizConfig
FNDA:0,setGeneratedOutputs
FNDA:0,updateOutput
FNDA:0,startPipeline
FNDA:0,handleStageEvent
FNDA:0,handleProgressEvent
FNDA:0,handleCompleteEvent
FNDA:0,handleErrorEvent
FNDA:0,resetPipeline
FNDA:0,saveToHistory
FNDA:0,undo
FNDA:0,redo
FNDA:0,resetToOriginal
DA:1,1
DA:2,1
DA:3,1
DA:4,1
DA:5,1
DA:6,1
DA:7,1
DA:8,1
DA:9,1
DA:10,1
DA:11,1
DA:12,1
DA:13,1
DA:14,1
DA:15,1
DA:16,1
DA:17,1
DA:18,1
DA:19,1
DA:20,1
DA:21,1
DA:22,1
DA:23,1
DA:24,1
DA:25,1
DA:26,1
DA:27,1
DA:28,1
DA:29,1
DA:30,1
DA:31,1
DA:32,1
DA:33,1
DA:34,1
DA:35,1
DA:36,1
DA:37,1
DA:38,1
DA:39,1
DA:40,1
DA:41,1
DA:42,1
DA:43,1
DA:44,1
DA:45,1
DA:46,1
DA:47,1
DA:48,1
DA:49,1
DA:50,1
DA:51,1
DA:52,1
DA:53,1
DA:54,1
DA:55,1
DA:56,1
DA:57,1
DA:58,1
DA:59,1
DA:60,1
DA:61,1
DA:62,1
DA:63,1
DA:64,1
DA:65,1
DA:66,1
DA:67,1
DA:68,1
DA:69,1
DA:70,2
DA:71,2
DA:72,2
DA:73,10
DA:74,10
DA:75,10
DA:76,10
DA:77,10
DA:78,10
DA:79,2
DA:80,2
DA:81,1
DA:82,1
DA:83,2
DA:84,2
DA:85,2
DA:86,2
DA:87,2
DA:88,2
DA:89,2
DA:90,2
DA:91,2
DA:92,2
DA:93,2
DA:94,2
DA:95,2
DA:96,2
DA:97,2
DA:98,2
DA:99,2
DA:100,2
DA:101,2
DA:102,2
DA:103,2
DA:104,2
DA:105,2
DA:106,2
DA:107,2
DA:108,2
DA:109,0
DA:110,0
DA:111,0
DA:112,0
DA:113,2
DA:114,2
DA:115,0
DA:116,0
DA:117,2
DA:118,2
DA:119,0
DA:120,0
DA:121,0
DA:122,0
DA:123,0
DA:124,2
DA:125,2
DA:126,0
DA:127,0
DA:128,0
DA:129,0
DA:130,0
DA:131,2
DA:132,2
DA:133,2
DA:134,0
DA:135,0
DA:136,0
DA:137,0
DA:138,0
DA:139,0
DA:140,2
DA:141,2
DA:142,0
DA:143,0
DA:144,0
DA:145,0
DA:146,0
DA:147,0
DA:148,0
DA:149,0
DA:150,0
DA:151,0
DA:152,0
DA:153,0
DA:154,0
DA:155,0
DA:156,0
DA:157,0
DA:158,2
DA:159,2
DA:160,0
DA:161,0
DA:162,0
DA:163,0
DA:164,0
DA:165,0
DA:166,0
DA:167,0
DA:168,0
DA:169,2
DA:170,2
DA:171,0
DA:172,0
DA:173,0
DA:174,0
DA:175,2
DA:176,2
DA:177,0
DA:178,0
DA:179,0
DA:180,0
DA:181,0
DA:182,0
DA:183,0
DA:184,0
DA:185,0
DA:186,0
DA:187,0
DA:188,0
DA:189,0
DA:190,0
DA:191,0
DA:192,2
DA:193,2
DA:194,0
DA:195,0
DA:196,0
DA:197,0
DA:198,0
DA:199,0
DA:200,2
DA:201,2
DA:202,0
DA:203,0
DA:204,0
DA:205,0
DA:206,0
DA:207,0
DA:208,0
DA:209,0
DA:210,0
DA:211,0
DA:212,0
DA:213,0
DA:214,2
DA:215,2
DA:216,0
DA:217,0
DA:218,0
DA:219,0
DA:220,0
DA:221,0
DA:222,0
DA:223,0
DA:224,0
DA:225,2
DA:226,2
DA:227,0
DA:228,0
DA:229,0
DA:230,0
DA:231,0
DA:232,0
DA:233,0
DA:234,0
DA:235,0
DA:236,2
DA:237,2
DA:238,0
DA:239,0
DA:240,0
DA:241,0
DA:242,0
DA:243,0
DA:244,0
DA:245,2
DA:246,1
DA:247,1
LF:247
LH:138
BRDA:70,0,0,2
BRDA:72,1,0,10
BRDA:82,2,0,2
BRF:3
BRH:3
end_of_record
TN:
SF:src/types/sseTypes.ts
FNF:0
FNH:0
DA:1,1
DA:2,1
DA:3,1
DA:4,1
DA:5,1
DA:6,1
DA:7,1
DA:8,1
DA:9,1
DA:10,1
DA:11,1
DA:12,1
DA:13,1
DA:14,1
DA:15,1
DA:16,1
DA:17,1
DA:18,1
DA:19,1
DA:20,1
DA:21,1
DA:22,1
DA:23,1
DA:24,1
DA:25,1
DA:26,1
DA:27,1
DA:28,1
DA:29,1
DA:30,1
DA:31,1
DA:32,1
DA:33,1
DA:34,1
DA:35,1
DA:36,1
DA:37,1
DA:38,1
DA:39,1
DA:40,1
DA:41,1
DA:42,1
DA:43,1
DA:44,1
DA:45,1
DA:46,1
DA:47,1
DA:48,1
DA:49,1
DA:50,1
DA:51,1
DA:52,1
DA:53,1
DA:54,1
DA:55,1
DA:56,1
DA:57,1
DA:58,1
DA:59,1
DA:60,1
DA:61,1
DA:62,1
DA:63,1
DA:64,1
DA:65,1
DA:66,1
DA:67,1
DA:68,1
DA:69,1
DA:70,1
DA:71,1
DA:72,1
DA:73,1
DA:74,1
DA:75,1
DA:76,1
DA:77,1
DA:78,1
DA:79,1
DA:80,1
DA:81,1
DA:82,1
DA:83,1
DA:84,1
DA:85,1
DA:86,1
DA:87,1
DA:88,1
DA:89,1
DA:90,1
DA:91,1
DA:92,1
DA:93,1
DA:94,1
DA:95,1
DA:96,1
DA:97,1
DA:98,1
DA:99,1
DA:100,1
DA:101,1
DA:102,1
DA:103,1
DA:104,1
DA:105,1
DA:106,1
DA:107,1
DA:108,1
DA:109,1
DA:110,1
DA:111,1
DA:112,1
DA:113,1
DA:114,1
DA:115,1
DA:116,1
DA:117,1
DA:118,1
DA:119,1
DA:120,1
DA:121,1
DA:122,1
DA:123,1
DA:124,1
DA:125,1
DA:126,1
DA:127,1
DA:128,1
DA:129,1
DA:130,1
DA:131,1
DA:132,1
DA:133,1
DA:134,1
DA:135,1
DA:136,1
DA:137,1
DA:138,1
DA:139,1
DA:140,1
DA:141,1
DA:142,1
DA:143,1
DA:144,1
DA:145,1
DA:146,1
DA:147,1
DA:148,1
DA:149,1
DA:150,1
DA:151,1
DA:152,1
DA:153,1
DA:154,1
DA:155,1
DA:156,1
DA:157,1
DA:158,1
DA:159,1
DA:160,1
DA:161,1
DA:162,1
DA:163,1
DA:164,1
DA:165,1
DA:166,1
LF:166
LH:166
BRDA:15,0,0,3
BRDA:24,1,0,3
BRF:2
BRH:2
end_of_record
TN:
SF:src/utils/h5pPackager.ts
FN:10,transformQuizToH5P
FN:80,downloadH5P
FNF:2
FNH:0
FNDA:0,transformQuizToH5P
FNDA:0,downloadH5P
DA:1,1
DA:2,1
DA:3,1
DA:4,1
DA:5,1
DA:6,1
DA:7,1
DA:8,1
DA:9,1
DA:10,1
DA:11,0
DA:12,0
DA:13,0
DA:14,0
DA:15,0
DA:16,0
DA:17,0
DA:18,0
DA:19,0
DA:20,0
DA:21,0
DA:22,0
DA:23,0
DA:24,0
DA:25,0
DA:26,0
DA:27,0
DA:28,0
DA:29,0
DA:30,0
DA:31,0
DA:32,0
DA:33,0
DA:34,0
DA:35,0
DA:36,0
DA:37,0
DA:38,0
DA:39,0
DA:40,0
DA:41,0
DA:42,0
DA:43,0
DA:44,0
DA:45,0
DA:46,0
DA:47,0
DA:48,0
DA:49,0
DA:50,0
DA:51,0
DA:52,0
DA:53,0
DA:54,0
DA:55,0
DA:56,0
DA:57,0
DA:58,0
DA:59,0
DA:60,0
DA:61,0
DA:62,0
DA:63,0
DA:64,0
DA:65,0
DA:66,0
DA:67,0
DA:68,0
DA:69,0
DA:70,0
DA:71,0
DA:72,0
DA:73,0
DA:74,0
DA:75,0
DA:76,1
DA:77,1
DA:78,1
DA:79,1
DA:80,1
DA:81,0
DA:82,0
DA:83,0
DA:84,0
DA:85,0
DA:86,0
DA:87,0
DA:88,0
DA:89,0
DA:90,0
DA:91,0
DA:92,0
DA:93,0
DA:94,0
DA:95,0
DA:96,0
DA:97,0
DA:98,0
DA:99,0
DA:100,0
DA:101,0
DA:102,0
DA:103,0
DA:104,0
DA:105,0
DA:106,0
DA:107,0
DA:108,0
DA:109,0
DA:110,0
DA:111,0
DA:112,0
DA:113,0
DA:114,0
DA:115,0
DA:116,0
DA:117,0
DA:118,0
LF:118
LH:15
BRF:0
BRH:0
end_of_record
TN:
SF:src/utils/h5pTemplates.ts
FNF:0
FNH:0
DA:1,1
DA:2,1
DA:3,1
DA:4,1
DA:5,1
DA:6,1
DA:7,1
DA:8,1
DA:9,1
DA:10,1
DA:11,1
DA:12,1
DA:13,1
DA:14,1
DA:15,1
DA:16,1
DA:17,1
DA:18,1
DA:19,1
DA:20,1
DA:21,1
DA:22,1
DA:23,1
DA:24,1
DA:25,1
DA:26,1
DA:27,1
DA:28,1
DA:29,1
DA:30,1
DA:31,1
DA:32,1
DA:33,1
DA:34,1
DA:35,1
DA:36,1
DA:37,1
DA:38,1
DA:39,1
DA:40,1
DA:41,1
DA:42,1
DA:43,1
DA:44,1
DA:45,1
DA:46,1
DA:47,1
DA:48,1
DA:49,1
DA:50,1
LF:50
LH:50
BRF:0
BRH:0
end_of_record
TN:
SF:src/utils/h5pValidator.ts
FN:10,validateH5PQuestionSet
FN:50,validateMultiChoice
FN:95,validateBlanks
FN:122,validateDragText
FNF:4
FNH:4
FNDA:7,validateH5PQuestionSet
FNDA:3,validateMultiChoice
FNDA:1,validateBlanks
FNDA:1,validateDragText
DA:1,1
DA:2,1
DA:3,1
DA:4,1
DA:5,1
DA:6,1
DA:7,1
DA:8,1
DA:9,1
DA:10,1
DA:11,7
DA:12,7
DA:13,7
DA:14,7
DA:15,1
DA:16,1
DA:17,1
DA:18,6
DA:19,6
DA:20,6
DA:21,6
DA:22,0
DA:23,0
DA:24,0
DA:25,6
DA:26,6
DA:27,3
DA:28,3
DA:29,3
DA:30,1
DA:31,1
DA:32,3
DA:33,1
DA:34,1
DA:35,1
DA:36,1
DA:37,1
DA:38,6
DA:39,6
DA:40,6
DA:41,6
DA:42,6
DA:43,6
DA:44,6
DA:45,6
DA:46,1
DA:47,1
DA:48,1
DA:49,1
DA:50,3
DA:51,3
DA:52,3
DA:53,3
DA:54,0
DA:55,0
DA:56,3
DA:57,3
DA:58,1
DA:59,3
DA:60,2
DA:61,2
DA:62,4
DA:63,0
DA:64,0
DA:65,4
DA:66,4
DA:67,4
DA:68,0
DA:69,0
DA:70,4
DA:71,2
DA:72,2
DA:73,1
DA:74,1
DA:75,2
DA:76,3
DA:77,3
DA:78,0
DA:79,3
DA:80,3
DA:81,0
DA:82,0
DA:83,3
DA:84,3
DA:85,0
DA:86,0
DA:87,3
DA:88,3
DA:89,3
DA:90,3
DA:91,1
DA:92,1
DA:93,1
DA:94,1
DA:95,1
DA:96,1
DA:97,1
DA:98,1
DA:99,0
DA:100,0
DA:101,1
DA:102,1
DA:103,0
DA:104,1
DA:105,1
DA:106,1
DA:107,1
DA:108,1
DA:109,1
DA:110,1
DA:111,1
DA:112,1
DA:113,0
DA:114,0
DA:115,1
DA:116,1
DA:117,1
DA:118,1
DA:119,1
DA:120,1
DA:121,1
DA:122,1
DA:123,1
DA:124,1
DA:125,1
DA:126,0
DA:127,0
DA:128,1
DA:129,1
DA:130,1
DA:131,1
DA:132,1
DA:133,1
DA:134,0
DA:135,0
DA:136,1
DA:137,1
DA:138,1
LF:138
LH:115
BRDA:10,0,0,7
BRDA:14,1,0,1
BRDA:17,2,0,6
BRDA:19,3,0,6
BRDA:21,4,0,0
BRDA:26,5,0,3
BRDA:29,6,0,1
BRDA:32,7,0,2
BRDA:32,8,0,1
BRDA:28,9,0,2
BRDA:31,10,0,1
BRDA:34,11,0,1
BRDA:50,12,0,3
BRDA:53,13,0,0
BRDA:57,14,0,1
BRDA:59,15,0,2
BRDA:72,16,0,1
BRDA:77,17,0,0
BRDA:80,18,0,0
BRDA:84,19,0,0
BRDA:61,20,0,4
BRDA:62,21,0,0
BRDA:65,22,0,1
BRDA:67,23,0,0
BRDA:95,24,0,1
BRDA:98,25,0,0
BRDA:102,26,0,0
BRDA:112,27,0,0
BRDA:105,28,0,1
BRDA:122,29,0,1
BRDA:125,30,0,0
BRDA:133,31,0,0
BRF:32
BRH:20
end_of_record
TN:
SF:src/utils/scormPackager.ts
FN:7,downloadSCORM
FN:87,generateIndexHtml
FNF:2
FNH:2
FNDA:3,downloadSCORM
FNDA:2,generateIndexHtml
DA:1,1
DA:2,1
DA:3,1
DA:4,1
DA:5,1
DA:6,1
DA:7,1
DA:8,3
DA:9,3
DA:10,3
DA:11,3
DA:12,3
DA:13,2
DA:14,2
DA:15,2
DA:16,2
DA:17,2
DA:18,2
DA:19,2
DA:20,2
DA:21,2
DA:22,2
DA:23,2
DA:24,2
DA:25,2
DA:26,2
DA:27,2
DA:28,2
DA:29,2
DA:30,2
DA:31,2
DA:32,2
DA:33,2
DA:34,2
DA:35,2
DA:36,2
DA:37,2
DA:38,2
DA:39,2
DA:40,2
DA:41,2
DA:42,2
DA:43,2
DA:44,2
DA:45,2
DA:46,2
DA:47,2
DA:48,2
DA:49,2
DA:50,2
DA:51,2
DA:52,2
DA:53,2
DA:54,2
DA:55,2
DA:56,2
DA:57,2
DA:58,2
DA:59,2
DA:60,2
DA:61,2
DA:62,2
DA:63,2
DA:64,2
DA:65,2
DA:66,2
DA:67,2
DA:68,2
DA:69,2
DA:70,2
DA:71,2
DA:72,2
DA:73,2
DA:74,2
DA:75,2
DA:76,2
DA:77,2
DA:78,2
DA:79,2
DA:80,2
DA:81,2
DA:82,2
DA:83,2
DA:84,2
DA:85,2
DA:86,1
DA:87,2
DA:88,2
DA:89,2
DA:90,2
DA:91,2
DA:92,2
DA:93,2
DA:94,2
DA:95,2
DA:96,2
DA:97,2
DA:98,2
DA:99,2
DA:100,2
DA:101,2
DA:102,2
DA:103,2
DA:104,2
DA:105,2
DA:106,2
DA:107,2
DA:108,2
DA:109,2
DA:110,2
DA:111,2
DA:112,2
DA:113,2
DA:114,2
DA:115,2
DA:116,2
DA:117,2
DA:118,2
DA:119,2
DA:120,2
DA:121,2
DA:122,2
DA:123,2
DA:124,2
DA:125,2
DA:126,2
DA:127,2
DA:128,2
DA:129,2
DA:130,2
DA:131,2
DA:132,2
DA:133,2
DA:134,2
DA:135,2
DA:136,2
DA:137,2
DA:138,2
DA:139,2
DA:140,2
DA:141,2
DA:142,2
DA:143,2
DA:144,2
DA:145,2
DA:146,2
DA:147,2
DA:148,2
DA:149,2
DA:150,2
DA:151,2
DA:152,2
DA:153,2
DA:154,2
DA:155,2
DA:156,2
DA:157,2
DA:158,2
DA:159,2
DA:160,2
DA:161,2
DA:162,2
DA:163,2
DA:164,2
DA:165,2
DA:166,2
DA:167,2
DA:168,2
DA:169,2
DA:170,2
DA:171,2
DA:172,2
DA:173,2
DA:174,2
DA:175,2
DA:176,2
DA:177,2
DA:178,2
DA:179,2
DA:180,2
DA:181,2
DA:182,2
DA:183,2
DA:184,2
DA:185,2
DA:186,2
DA:187,2
DA:188,2
DA:189,2
DA:190,2
DA:191,2
DA:192,2
DA:193,2
DA:194,2
DA:195,2
DA:196,2
DA:197,2
DA:198,2
DA:199,2
DA:200,2
DA:201,2
DA:202,2
DA:203,2
DA:204,2
DA:205,2
DA:206,2
DA:207,2
DA:208,2
DA:209,2
DA:210,2
DA:211,2
DA:212,2
DA:213,2
DA:214,2
DA:215,2
DA:216,2
DA:217,2
DA:218,2
DA:219,2
LF:219
LH:219
BRDA:7,0,0,3
BRDA:12,1,0,1
BRDA:12,2,0,2
BRDA:69,3,0,2
BRDA:70,4,0,2
BRDA:71,5,0,0
BRDA:87,6,0,2
BRF:7
BRH:6
end_of_record
